Starting ProductCategoryDaoTest on DESKTOP-HO9VSEG with PID 14064 (started by 13044 in D:\Java\IdeaProject\ordersystem)
No active profile set, falling back to default profiles: default
Bootstrapping Spring Data JPA repositories in DEFAULT mode.
Finished Spring Data repository scanning in 77ms. Found 1 JPA repository interfaces.
Bean 'org.springframework.transaction.annotation.ProxyTransactionManagementConfiguration' of type [org.springframework.transaction.annotation.ProxyTransactionManagementConfiguration] is not eligible for getting processed by all BeanPostProcessors (for example: not eligible for auto-proxying)
HHH000204: Processing PersistenceUnitInfo [name: default]
HHH000412: Hibernate Core {5.4.9.Final}
HCANN000001: Hibernate Commons Annotations {5.1.0.Final}
HikariPool-1 - Starting...
HikariPool-1 - Start completed.
HHH000400: Using dialect: org.hibernate.dialect.MySQL8Dialect
HHH000490: Using JtaPlatform implementation: [org.hibernate.engine.transaction.jta.platform.internal.NoJtaPlatform]
Initialized JPA EntityManagerFactory for persistence unit 'default'
spring.jpa.open-in-view is enabled by default. Therefore, database queries may be performed during view rendering. Explicitly configure spring.jpa.open-in-view to disable this warning
Initializing ExecutorService 'applicationTaskExecutor'
Started ProductCategoryDaoTest in 7.673 seconds (JVM running for 9.872)
Shutting down ExecutorService 'applicationTaskExecutor'
Closing JPA EntityManagerFactory for persistence unit 'default'
HikariPool-1 - Shutdown initiated...
HikariPool-1 - Shutdown completed.
Starting ProductCategoryServiceImplTest on DESKTOP-HO9VSEG with PID 16944 (started by 13044 in D:\Java\IdeaProject\ordersystem)
No active profile set, falling back to default profiles: default
Bootstrapping Spring Data JPA repositories in DEFAULT mode.
Finished Spring Data repository scanning in 108ms. Found 1 JPA repository interfaces.
Bean 'org.springframework.transaction.annotation.ProxyTransactionManagementConfiguration' of type [org.springframework.transaction.annotation.ProxyTransactionManagementConfiguration] is not eligible for getting processed by all BeanPostProcessors (for example: not eligible for auto-proxying)
HHH000204: Processing PersistenceUnitInfo [name: default]
HHH000412: Hibernate Core {5.4.9.Final}
HCANN000001: Hibernate Commons Annotations {5.1.0.Final}
HikariPool-1 - Starting...
HikariPool-1 - Start completed.
HHH000400: Using dialect: org.hibernate.dialect.MySQL8Dialect
HHH000490: Using JtaPlatform implementation: [org.hibernate.engine.transaction.jta.platform.internal.NoJtaPlatform]
Initialized JPA EntityManagerFactory for persistence unit 'default'
spring.jpa.open-in-view is enabled by default. Therefore, database queries may be performed during view rendering. Explicitly configure spring.jpa.open-in-view to disable this warning
Initializing ExecutorService 'applicationTaskExecutor'
Started ProductCategoryServiceImplTest in 7.834 seconds (JVM running for 9.715)
Shutting down ExecutorService 'applicationTaskExecutor'
Closing JPA EntityManagerFactory for persistence unit 'default'
HikariPool-1 - Shutdown initiated...
HikariPool-1 - Shutdown completed.
Starting ProductCategoryServiceImplTest on DESKTOP-HO9VSEG with PID 18412 (started by 13044 in D:\Java\IdeaProject\ordersystem)
No active profile set, falling back to default profiles: default
Bootstrapping Spring Data JPA repositories in DEFAULT mode.
Finished Spring Data repository scanning in 46ms. Found 1 JPA repository interfaces.
Bean 'org.springframework.transaction.annotation.ProxyTransactionManagementConfiguration' of type [org.springframework.transaction.annotation.ProxyTransactionManagementConfiguration] is not eligible for getting processed by all BeanPostProcessors (for example: not eligible for auto-proxying)
HHH000204: Processing PersistenceUnitInfo [name: default]
HHH000412: Hibernate Core {5.4.9.Final}
HCANN000001: Hibernate Commons Annotations {5.1.0.Final}
HikariPool-1 - Starting...
HikariPool-1 - Start completed.
HHH000400: Using dialect: org.hibernate.dialect.MySQL8Dialect
HHH000490: Using JtaPlatform implementation: [org.hibernate.engine.transaction.jta.platform.internal.NoJtaPlatform]
Initialized JPA EntityManagerFactory for persistence unit 'default'
spring.jpa.open-in-view is enabled by default. Therefore, database queries may be performed during view rendering. Explicitly configure spring.jpa.open-in-view to disable this warning
Initializing ExecutorService 'applicationTaskExecutor'
Started ProductCategoryServiceImplTest in 3.964 seconds (JVM running for 4.966)
Shutting down ExecutorService 'applicationTaskExecutor'
Closing JPA EntityManagerFactory for persistence unit 'default'
HikariPool-1 - Shutdown initiated...
HikariPool-1 - Shutdown completed.
Starting ProductCategoryServiceImplTest on DESKTOP-HO9VSEG with PID 6644 (started by 13044 in D:\Java\IdeaProject\ordersystem)
No active profile set, falling back to default profiles: default
Bootstrapping Spring Data JPA repositories in DEFAULT mode.
Finished Spring Data repository scanning in 48ms. Found 1 JPA repository interfaces.
Bean 'org.springframework.transaction.annotation.ProxyTransactionManagementConfiguration' of type [org.springframework.transaction.annotation.ProxyTransactionManagementConfiguration] is not eligible for getting processed by all BeanPostProcessors (for example: not eligible for auto-proxying)
HHH000204: Processing PersistenceUnitInfo [name: default]
HHH000412: Hibernate Core {5.4.9.Final}
HCANN000001: Hibernate Commons Annotations {5.1.0.Final}
HikariPool-1 - Starting...
HikariPool-1 - Start completed.
HHH000400: Using dialect: org.hibernate.dialect.MySQL8Dialect
HHH000490: Using JtaPlatform implementation: [org.hibernate.engine.transaction.jta.platform.internal.NoJtaPlatform]
Initialized JPA EntityManagerFactory for persistence unit 'default'
spring.jpa.open-in-view is enabled by default. Therefore, database queries may be performed during view rendering. Explicitly configure spring.jpa.open-in-view to disable this warning
Initializing ExecutorService 'applicationTaskExecutor'
Started ProductCategoryServiceImplTest in 3.892 seconds (JVM running for 4.917)
Shutting down ExecutorService 'applicationTaskExecutor'
Closing JPA EntityManagerFactory for persistence unit 'default'
HikariPool-1 - Shutdown initiated...
HikariPool-1 - Shutdown completed.
Starting ProductCategoryServiceImplTest on DESKTOP-HO9VSEG with PID 18164 (started by 13044 in D:\Java\IdeaProject\ordersystem)
No active profile set, falling back to default profiles: default
Bootstrapping Spring Data JPA repositories in DEFAULT mode.
Finished Spring Data repository scanning in 77ms. Found 1 JPA repository interfaces.
Bean 'org.springframework.transaction.annotation.ProxyTransactionManagementConfiguration' of type [org.springframework.transaction.annotation.ProxyTransactionManagementConfiguration] is not eligible for getting processed by all BeanPostProcessors (for example: not eligible for auto-proxying)
HHH000204: Processing PersistenceUnitInfo [name: default]
HHH000412: Hibernate Core {5.4.9.Final}
HCANN000001: Hibernate Commons Annotations {5.1.0.Final}
HikariPool-1 - Starting...
HikariPool-1 - Start completed.
HHH000400: Using dialect: org.hibernate.dialect.MySQL8Dialect
HHH000490: Using JtaPlatform implementation: [org.hibernate.engine.transaction.jta.platform.internal.NoJtaPlatform]
Initialized JPA EntityManagerFactory for persistence unit 'default'
spring.jpa.open-in-view is enabled by default. Therefore, database queries may be performed during view rendering. Explicitly configure spring.jpa.open-in-view to disable this warning
Initializing ExecutorService 'applicationTaskExecutor'
Started ProductCategoryServiceImplTest in 3.876 seconds (JVM running for 4.835)
Began transaction (1) for test context [DefaultTestContext@31fa1761 testClass = ProductCategoryServiceImplTest, testInstance = com.xxx.ordersystem.service.impl.ProductCategoryServiceImplTest@16ea0f22, testMethod = save@ProductCategoryServiceImplTest, testException = [null], mergedContextConfiguration = [WebMergedContextConfiguration@957e06 testClass = ProductCategoryServiceImplTest, locations = '{}', classes = '{class com.xxx.ordersystem.OrdersystemApplication}', contextInitializerClasses = '[]', activeProfiles = '{}', propertySourceLocations = '{}', propertySourceProperties = '{org.springframework.boot.test.context.SpringBootTestContextBootstrapper=true}', contextCustomizers = set[org.springframework.boot.test.context.filter.ExcludeFilterContextCustomizer@2ea227af, org.springframework.boot.test.json.DuplicateJsonObjectContextCustomizerFactory$DuplicateJsonObjectContextCustomizer@4690b489, org.springframework.boot.test.mock.mockito.MockitoContextCustomizer@0, org.springframework.boot.test.web.client.TestRestTemplateContextCustomizer@49b0b76, org.springframework.boot.test.autoconfigure.properties.PropertyMappingContextCustomizer@0, org.springframework.boot.test.autoconfigure.web.servlet.WebDriverContextCustomizerFactory$Customizer@10e41621], resourceBasePath = 'src/main/webapp', contextLoader = 'org.springframework.boot.test.context.SpringBootContextLoader', parent = [null]], attributes = map['org.springframework.test.context.web.ServletTestExecutionListener.activateListener' -> true, 'org.springframework.test.context.web.ServletTestExecutionListener.populatedRequestContextHolder' -> true, 'org.springframework.test.context.web.ServletTestExecutionListener.resetRequestContextHolder' -> true]]; transaction manager [org.springframework.orm.jpa.JpaTransactionManager@3375b118]; rollback [true]
Rolled back transaction for test: [DefaultTestContext@31fa1761 testClass = ProductCategoryServiceImplTest, testInstance = com.xxx.ordersystem.service.impl.ProductCategoryServiceImplTest@16ea0f22, testMethod = save@ProductCategoryServiceImplTest, testException = [null], mergedContextConfiguration = [WebMergedContextConfiguration@957e06 testClass = ProductCategoryServiceImplTest, locations = '{}', classes = '{class com.xxx.ordersystem.OrdersystemApplication}', contextInitializerClasses = '[]', activeProfiles = '{}', propertySourceLocations = '{}', propertySourceProperties = '{org.springframework.boot.test.context.SpringBootTestContextBootstrapper=true}', contextCustomizers = set[org.springframework.boot.test.context.filter.ExcludeFilterContextCustomizer@2ea227af, org.springframework.boot.test.json.DuplicateJsonObjectContextCustomizerFactory$DuplicateJsonObjectContextCustomizer@4690b489, org.springframework.boot.test.mock.mockito.MockitoContextCustomizer@0, org.springframework.boot.test.web.client.TestRestTemplateContextCustomizer@49b0b76, org.springframework.boot.test.autoconfigure.properties.PropertyMappingContextCustomizer@0, org.springframework.boot.test.autoconfigure.web.servlet.WebDriverContextCustomizerFactory$Customizer@10e41621], resourceBasePath = 'src/main/webapp', contextLoader = 'org.springframework.boot.test.context.SpringBootContextLoader', parent = [null]], attributes = map['org.springframework.test.context.web.ServletTestExecutionListener.activateListener' -> true, 'org.springframework.test.context.web.ServletTestExecutionListener.populatedRequestContextHolder' -> true, 'org.springframework.test.context.web.ServletTestExecutionListener.resetRequestContextHolder' -> true]]
Shutting down ExecutorService 'applicationTaskExecutor'
Closing JPA EntityManagerFactory for persistence unit 'default'
HikariPool-1 - Shutdown initiated...
HikariPool-1 - Shutdown completed.
Starting ProductInfoRepositoryTest on DESKTOP-HO9VSEG with PID 10860 (started by 13044 in D:\Java\IdeaProject\ordersystem)
No active profile set, falling back to default profiles: default
Bootstrapping Spring Data JPA repositories in DEFAULT mode.
Finished Spring Data repository scanning in 101ms. Found 2 JPA repository interfaces.
Bean 'org.springframework.transaction.annotation.ProxyTransactionManagementConfiguration' of type [org.springframework.transaction.annotation.ProxyTransactionManagementConfiguration] is not eligible for getting processed by all BeanPostProcessors (for example: not eligible for auto-proxying)
HHH000204: Processing PersistenceUnitInfo [name: default]
HHH000412: Hibernate Core {5.4.9.Final}
HCANN000001: Hibernate Commons Annotations {5.1.0.Final}
HikariPool-1 - Starting...
HikariPool-1 - Start completed.
HHH000400: Using dialect: org.hibernate.dialect.MySQL8Dialect
HHH000490: Using JtaPlatform implementation: [org.hibernate.engine.transaction.jta.platform.internal.NoJtaPlatform]
Initialized JPA EntityManagerFactory for persistence unit 'default'
spring.jpa.open-in-view is enabled by default. Therefore, database queries may be performed during view rendering. Explicitly configure spring.jpa.open-in-view to disable this warning
Exception encountered during context initialization - cancelling refresh attempt: org.springframework.beans.factory.UnsatisfiedDependencyException: Error creating bean with name 'requestMappingHandlerAdapter' defined in class path resource [org/springframework/boot/autoconfigure/web/servlet/WebMvcAutoConfiguration$EnableWebMvcConfiguration.class]: Unsatisfied dependency expressed through method 'requestMappingHandlerAdapter' parameter 1; nested exception is org.springframework.beans.factory.BeanCreationException: Error creating bean with name 'mvcConversionService' defined in class path resource [org/springframework/boot/autoconfigure/web/servlet/WebMvcAutoConfiguration$EnableWebMvcConfiguration.class]: Bean instantiation via factory method failed; nested exception is org.springframework.beans.BeanInstantiationException: Failed to instantiate [org.springframework.format.support.FormattingConversionService]: Factory method 'mvcConversionService' threw exception; nested exception is org.springframework.beans.factory.BeanCreationException: Error creating bean with name 'productInfoRepository': Invocation of init method failed; nested exception is java.lang.IllegalArgumentException: Not a managed type: class com.xxx.ordersystem.entity.ProductInfo
Related cause: org.springframework.beans.factory.UnsatisfiedDependencyException: Error creating bean with name 'requestMappingHandlerAdapter' defined in class path resource [org/springframework/boot/autoconfigure/web/servlet/WebMvcAutoConfiguration$EnableWebMvcConfiguration.class]: Unsatisfied dependency expressed through method 'requestMappingHandlerAdapter' parameter 1; nested exception is org.springframework.beans.factory.BeanCreationException: Error creating bean with name 'mvcConversionService' defined in class path resource [org/springframework/boot/autoconfigure/web/servlet/WebMvcAutoConfiguration$EnableWebMvcConfiguration.class]: Bean instantiation via factory method failed; nested exception is org.springframework.beans.BeanInstantiationException: Failed to instantiate [org.springframework.format.support.FormattingConversionService]: Factory method 'mvcConversionService' threw exception; nested exception is org.springframework.beans.factory.BeanCreationException: Error creating bean with name 'productInfoRepository': Invocation of init method failed; nested exception is java.lang.IllegalArgumentException: Not a managed type: class com.xxx.ordersystem.entity.ProductInfo
Closing JPA EntityManagerFactory for persistence unit 'default'
HikariPool-1 - Shutdown initiated...
HikariPool-1 - Shutdown completed.


Error starting ApplicationContext. To display the conditions report re-run your application with 'debug' enabled.
Starting ProductInfoRepositoryTest on DESKTOP-HO9VSEG with PID 1540 (started by 13044 in D:\Java\IdeaProject\ordersystem)
No active profile set, falling back to default profiles: default
Bootstrapping Spring Data JPA repositories in DEFAULT mode.
Finished Spring Data repository scanning in 60ms. Found 2 JPA repository interfaces.
Bean 'org.springframework.transaction.annotation.ProxyTransactionManagementConfiguration' of type [org.springframework.transaction.annotation.ProxyTransactionManagementConfiguration] is not eligible for getting processed by all BeanPostProcessors (for example: not eligible for auto-proxying)
HHH000204: Processing PersistenceUnitInfo [name: default]
HHH000412: Hibernate Core {5.4.9.Final}
HCANN000001: Hibernate Commons Annotations {5.1.0.Final}
HikariPool-1 - Starting...
HikariPool-1 - Start completed.
HHH000400: Using dialect: org.hibernate.dialect.MySQL8Dialect
HHH000490: Using JtaPlatform implementation: [org.hibernate.engine.transaction.jta.platform.internal.NoJtaPlatform]
Initialized JPA EntityManagerFactory for persistence unit 'default'
spring.jpa.open-in-view is enabled by default. Therefore, database queries may be performed during view rendering. Explicitly configure spring.jpa.open-in-view to disable this warning
Initializing ExecutorService 'applicationTaskExecutor'
Started ProductInfoRepositoryTest in 4.67 seconds (JVM running for 5.616)
Shutting down ExecutorService 'applicationTaskExecutor'
Closing JPA EntityManagerFactory for persistence unit 'default'
HikariPool-1 - Shutdown initiated...
HikariPool-1 - Shutdown completed.
Starting ProductInfoRepositoryTest on DESKTOP-HO9VSEG with PID 12824 (started by 13044 in D:\Java\IdeaProject\ordersystem)
No active profile set, falling back to default profiles: default
Bootstrapping Spring Data JPA repositories in DEFAULT mode.
Finished Spring Data repository scanning in 50ms. Found 2 JPA repository interfaces.
Bean 'org.springframework.transaction.annotation.ProxyTransactionManagementConfiguration' of type [org.springframework.transaction.annotation.ProxyTransactionManagementConfiguration] is not eligible for getting processed by all BeanPostProcessors (for example: not eligible for auto-proxying)
HHH000204: Processing PersistenceUnitInfo [name: default]
HHH000412: Hibernate Core {5.4.9.Final}
HCANN000001: Hibernate Commons Annotations {5.1.0.Final}
HikariPool-1 - Starting...
HikariPool-1 - Start completed.
HHH000400: Using dialect: org.hibernate.dialect.MySQL8Dialect
HHH000490: Using JtaPlatform implementation: [org.hibernate.engine.transaction.jta.platform.internal.NoJtaPlatform]
Initialized JPA EntityManagerFactory for persistence unit 'default'
spring.jpa.open-in-view is enabled by default. Therefore, database queries may be performed during view rendering. Explicitly configure spring.jpa.open-in-view to disable this warning
Initializing ExecutorService 'applicationTaskExecutor'
Started ProductInfoRepositoryTest in 4.255 seconds (JVM running for 5.257)
Shutting down ExecutorService 'applicationTaskExecutor'
Closing JPA EntityManagerFactory for persistence unit 'default'
HikariPool-1 - Shutdown initiated...
HikariPool-1 - Shutdown completed.
Starting ProductCategoryServiceImplTest on DESKTOP-HO9VSEG with PID 4172 (started by 13044 in D:\Java\IdeaProject\ordersystem)
No active profile set, falling back to default profiles: default
Bootstrapping Spring Data JPA repositories in DEFAULT mode.
Finished Spring Data repository scanning in 66ms. Found 2 JPA repository interfaces.
Bean 'org.springframework.transaction.annotation.ProxyTransactionManagementConfiguration' of type [org.springframework.transaction.annotation.ProxyTransactionManagementConfiguration] is not eligible for getting processed by all BeanPostProcessors (for example: not eligible for auto-proxying)
HHH000204: Processing PersistenceUnitInfo [name: default]
HHH000412: Hibernate Core {5.4.9.Final}
HCANN000001: Hibernate Commons Annotations {5.1.0.Final}
HikariPool-1 - Starting...
HikariPool-1 - Start completed.
HHH000400: Using dialect: org.hibernate.dialect.MySQL8Dialect
HHH000490: Using JtaPlatform implementation: [org.hibernate.engine.transaction.jta.platform.internal.NoJtaPlatform]
Initialized JPA EntityManagerFactory for persistence unit 'default'
spring.jpa.open-in-view is enabled by default. Therefore, database queries may be performed during view rendering. Explicitly configure spring.jpa.open-in-view to disable this warning
Initializing ExecutorService 'applicationTaskExecutor'
Started ProductCategoryServiceImplTest in 3.908 seconds (JVM running for 4.825)
Shutting down ExecutorService 'applicationTaskExecutor'
Closing JPA EntityManagerFactory for persistence unit 'default'
HikariPool-1 - Shutdown initiated...
HikariPool-1 - Shutdown completed.
Starting ProductInfoRepositoryTest on DESKTOP-HO9VSEG with PID 3496 (started by 13044 in D:\Java\IdeaProject\ordersystem)
No active profile set, falling back to default profiles: default
Bootstrapping Spring Data JPA repositories in DEFAULT mode.
Finished Spring Data repository scanning in 53ms. Found 2 JPA repository interfaces.
Bean 'org.springframework.transaction.annotation.ProxyTransactionManagementConfiguration' of type [org.springframework.transaction.annotation.ProxyTransactionManagementConfiguration] is not eligible for getting processed by all BeanPostProcessors (for example: not eligible for auto-proxying)
HHH000204: Processing PersistenceUnitInfo [name: default]
HHH000412: Hibernate Core {5.4.9.Final}
HCANN000001: Hibernate Commons Annotations {5.1.0.Final}
HikariPool-1 - Starting...
HikariPool-1 - Start completed.
HHH000400: Using dialect: org.hibernate.dialect.MySQL8Dialect
HHH000490: Using JtaPlatform implementation: [org.hibernate.engine.transaction.jta.platform.internal.NoJtaPlatform]
Initialized JPA EntityManagerFactory for persistence unit 'default'
spring.jpa.open-in-view is enabled by default. Therefore, database queries may be performed during view rendering. Explicitly configure spring.jpa.open-in-view to disable this warning
Initializing ExecutorService 'applicationTaskExecutor'
Started ProductInfoRepositoryTest in 3.871 seconds (JVM running for 4.811)
Shutting down ExecutorService 'applicationTaskExecutor'
Closing JPA EntityManagerFactory for persistence unit 'default'
HikariPool-1 - Shutdown initiated...
HikariPool-1 - Shutdown completed.
Starting ProductInfoRepositoryTest on DESKTOP-HO9VSEG with PID 2568 (started by 13044 in D:\Java\IdeaProject\ordersystem)
No active profile set, falling back to default profiles: default
Bootstrapping Spring Data JPA repositories in DEFAULT mode.
Finished Spring Data repository scanning in 55ms. Found 2 JPA repository interfaces.
Bean 'org.springframework.transaction.annotation.ProxyTransactionManagementConfiguration' of type [org.springframework.transaction.annotation.ProxyTransactionManagementConfiguration] is not eligible for getting processed by all BeanPostProcessors (for example: not eligible for auto-proxying)
HHH000204: Processing PersistenceUnitInfo [name: default]
HHH000412: Hibernate Core {5.4.9.Final}
HCANN000001: Hibernate Commons Annotations {5.1.0.Final}
HikariPool-1 - Starting...
HikariPool-1 - Start completed.
HHH000400: Using dialect: org.hibernate.dialect.MySQL8Dialect
HHH000490: Using JtaPlatform implementation: [org.hibernate.engine.transaction.jta.platform.internal.NoJtaPlatform]
Initialized JPA EntityManagerFactory for persistence unit 'default'
Initializing ExecutorService 'applicationTaskExecutor'
Started ProductInfoRepositoryTest in 3.93 seconds (JVM running for 4.851)
Shutting down ExecutorService 'applicationTaskExecutor'
Closing JPA EntityManagerFactory for persistence unit 'default'
HikariPool-1 - Shutdown initiated...
HikariPool-1 - Shutdown completed.
Starting ProductInfoRepositoryTest on DESKTOP-HO9VSEG with PID 9416 (started by 13044 in D:\Java\IdeaProject\ordersystem)
No active profile set, falling back to default profiles: default
Bootstrapping Spring Data JPA repositories in DEFAULT mode.
Finished Spring Data repository scanning in 93ms. Found 2 JPA repository interfaces.
Bean 'org.springframework.transaction.annotation.ProxyTransactionManagementConfiguration' of type [org.springframework.transaction.annotation.ProxyTransactionManagementConfiguration] is not eligible for getting processed by all BeanPostProcessors (for example: not eligible for auto-proxying)
HHH000204: Processing PersistenceUnitInfo [name: default]
HHH000412: Hibernate Core {5.4.9.Final}
HCANN000001: Hibernate Commons Annotations {5.1.0.Final}
HikariPool-1 - Starting...
HikariPool-1 - Start completed.
HHH000400: Using dialect: org.hibernate.dialect.MySQL8Dialect
HHH000490: Using JtaPlatform implementation: [org.hibernate.engine.transaction.jta.platform.internal.NoJtaPlatform]
Initialized JPA EntityManagerFactory for persistence unit 'default'
spring.jpa.open-in-view is enabled by default. Therefore, database queries may be performed during view rendering. Explicitly configure spring.jpa.open-in-view to disable this warning
Initializing ExecutorService 'applicationTaskExecutor'
Started ProductInfoRepositoryTest in 6.518 seconds (JVM running for 8.346)
Shutting down ExecutorService 'applicationTaskExecutor'
Closing JPA EntityManagerFactory for persistence unit 'default'
HikariPool-1 - Shutdown initiated...
HikariPool-1 - Shutdown completed.
Starting ProductInfoRepositoryTest on DESKTOP-HO9VSEG with PID 8256 (started by 13044 in D:\Java\IdeaProject\ordersystem)
No active profile set, falling back to default profiles: default
Bootstrapping Spring Data JPA repositories in DEFAULT mode.
Finished Spring Data repository scanning in 82ms. Found 2 JPA repository interfaces.
Bean 'org.springframework.transaction.annotation.ProxyTransactionManagementConfiguration' of type [org.springframework.transaction.annotation.ProxyTransactionManagementConfiguration] is not eligible for getting processed by all BeanPostProcessors (for example: not eligible for auto-proxying)
HHH000204: Processing PersistenceUnitInfo [name: default]
HHH000412: Hibernate Core {5.4.9.Final}
HCANN000001: Hibernate Commons Annotations {5.1.0.Final}
HikariPool-1 - Starting...
HikariPool-1 - Start completed.
HHH000400: Using dialect: org.hibernate.dialect.MySQL8Dialect
HHH000490: Using JtaPlatform implementation: [org.hibernate.engine.transaction.jta.platform.internal.NoJtaPlatform]
Initialized JPA EntityManagerFactory for persistence unit 'default'
spring.jpa.open-in-view is enabled by default. Therefore, database queries may be performed during view rendering. Explicitly configure spring.jpa.open-in-view to disable this warning
Initializing ExecutorService 'applicationTaskExecutor'
Started ProductInfoRepositoryTest in 4.312 seconds (JVM running for 5.379)
Shutting down ExecutorService 'applicationTaskExecutor'
Closing JPA EntityManagerFactory for persistence unit 'default'
HikariPool-1 - Shutdown initiated...
HikariPool-1 - Shutdown completed.
Starting ProductCategoryDaoTest on DESKTOP-HO9VSEG with PID 14100 (started by 13044 in D:\Java\IdeaProject\ordersystem)
No active profile set, falling back to default profiles: default
Bootstrapping Spring Data JPA repositories in DEFAULT mode.
Finished Spring Data repository scanning in 73ms. Found 2 JPA repository interfaces.
Bean 'org.springframework.transaction.annotation.ProxyTransactionManagementConfiguration' of type [org.springframework.transaction.annotation.ProxyTransactionManagementConfiguration] is not eligible for getting processed by all BeanPostProcessors (for example: not eligible for auto-proxying)
HHH000204: Processing PersistenceUnitInfo [name: default]
HHH000412: Hibernate Core {5.4.9.Final}
HCANN000001: Hibernate Commons Annotations {5.1.0.Final}
HikariPool-1 - Starting...
HikariPool-1 - Start completed.
HHH000400: Using dialect: org.hibernate.dialect.MySQL8Dialect
HHH000490: Using JtaPlatform implementation: [org.hibernate.engine.transaction.jta.platform.internal.NoJtaPlatform]
Initialized JPA EntityManagerFactory for persistence unit 'default'
spring.jpa.open-in-view is enabled by default. Therefore, database queries may be performed during view rendering. Explicitly configure spring.jpa.open-in-view to disable this warning
Initializing ExecutorService 'applicationTaskExecutor'
Started ProductCategoryDaoTest in 4.0 seconds (JVM running for 4.985)
Shutting down ExecutorService 'applicationTaskExecutor'
Closing JPA EntityManagerFactory for persistence unit 'default'
HikariPool-1 - Shutdown initiated...
HikariPool-1 - Shutdown completed.
Starting ProductInfoRepositoryTest on DESKTOP-HO9VSEG with PID 3104 (started by 13044 in D:\Java\IdeaProject\ordersystem)
No active profile set, falling back to default profiles: default
Bootstrapping Spring Data JPA repositories in DEFAULT mode.
Finished Spring Data repository scanning in 63ms. Found 2 JPA repository interfaces.
Bean 'org.springframework.transaction.annotation.ProxyTransactionManagementConfiguration' of type [org.springframework.transaction.annotation.ProxyTransactionManagementConfiguration] is not eligible for getting processed by all BeanPostProcessors (for example: not eligible for auto-proxying)
HHH000204: Processing PersistenceUnitInfo [name: default]
HHH000412: Hibernate Core {5.4.9.Final}
HCANN000001: Hibernate Commons Annotations {5.1.0.Final}
HikariPool-1 - Starting...
HikariPool-1 - Start completed.
HHH000400: Using dialect: org.hibernate.dialect.MySQL8Dialect
HHH000490: Using JtaPlatform implementation: [org.hibernate.engine.transaction.jta.platform.internal.NoJtaPlatform]
Initialized JPA EntityManagerFactory for persistence unit 'default'
spring.jpa.open-in-view is enabled by default. Therefore, database queries may be performed during view rendering. Explicitly configure spring.jpa.open-in-view to disable this warning
Initializing ExecutorService 'applicationTaskExecutor'
Started ProductInfoRepositoryTest in 3.898 seconds (JVM running for 4.922)
Shutting down ExecutorService 'applicationTaskExecutor'
Closing JPA EntityManagerFactory for persistence unit 'default'
HikariPool-1 - Shutdown initiated...
HikariPool-1 - Shutdown completed.
Starting ProductInfoRepositoryTest on DESKTOP-HO9VSEG with PID 3604 (started by 13044 in D:\Java\IdeaProject\ordersystem)
No active profile set, falling back to default profiles: default
Bootstrapping Spring Data JPA repositories in DEFAULT mode.
Finished Spring Data repository scanning in 62ms. Found 2 JPA repository interfaces.
Bean 'org.springframework.transaction.annotation.ProxyTransactionManagementConfiguration' of type [org.springframework.transaction.annotation.ProxyTransactionManagementConfiguration] is not eligible for getting processed by all BeanPostProcessors (for example: not eligible for auto-proxying)
HHH000204: Processing PersistenceUnitInfo [name: default]
HHH000412: Hibernate Core {5.4.9.Final}
HCANN000001: Hibernate Commons Annotations {5.1.0.Final}
HikariPool-1 - Starting...
HikariPool-1 - Start completed.
HHH000400: Using dialect: org.hibernate.dialect.MySQL8Dialect
HHH000490: Using JtaPlatform implementation: [org.hibernate.engine.transaction.jta.platform.internal.NoJtaPlatform]
Initialized JPA EntityManagerFactory for persistence unit 'default'
spring.jpa.open-in-view is enabled by default. Therefore, database queries may be performed during view rendering. Explicitly configure spring.jpa.open-in-view to disable this warning
Initializing ExecutorService 'applicationTaskExecutor'
Started ProductInfoRepositoryTest in 3.881 seconds (JVM running for 4.822)
Shutting down ExecutorService 'applicationTaskExecutor'
Closing JPA EntityManagerFactory for persistence unit 'default'
HikariPool-1 - Shutdown initiated...
HikariPool-1 - Shutdown completed.
Starting ProductInfoRepositoryTest on DESKTOP-HO9VSEG with PID 3212 (started by 13044 in D:\Java\IdeaProject\ordersystem)
No active profile set, falling back to default profiles: default
Bootstrapping Spring Data JPA repositories in DEFAULT mode.
Finished Spring Data repository scanning in 63ms. Found 2 JPA repository interfaces.
Bean 'org.springframework.transaction.annotation.ProxyTransactionManagementConfiguration' of type [org.springframework.transaction.annotation.ProxyTransactionManagementConfiguration] is not eligible for getting processed by all BeanPostProcessors (for example: not eligible for auto-proxying)
HHH000204: Processing PersistenceUnitInfo [name: default]
HHH000412: Hibernate Core {5.4.9.Final}
HCANN000001: Hibernate Commons Annotations {5.1.0.Final}
HikariPool-1 - Starting...
HikariPool-1 - Start completed.
HHH000400: Using dialect: org.hibernate.dialect.MySQL8Dialect
HHH000490: Using JtaPlatform implementation: [org.hibernate.engine.transaction.jta.platform.internal.NoJtaPlatform]
Initialized JPA EntityManagerFactory for persistence unit 'default'
spring.jpa.open-in-view is enabled by default. Therefore, database queries may be performed during view rendering. Explicitly configure spring.jpa.open-in-view to disable this warning
Initializing ExecutorService 'applicationTaskExecutor'
Started ProductInfoRepositoryTest in 3.964 seconds (JVM running for 5.009)
Shutting down ExecutorService 'applicationTaskExecutor'
Closing JPA EntityManagerFactory for persistence unit 'default'
HikariPool-1 - Shutdown initiated...
HikariPool-1 - Shutdown completed.
Starting ProductInfoServiceImplTest on DESKTOP-HO9VSEG with PID 19244 (started by 13044 in D:\Java\IdeaProject\ordersystem)
No active profile set, falling back to default profiles: default
Bootstrapping Spring Data JPA repositories in DEFAULT mode.
Finished Spring Data repository scanning in 64ms. Found 2 JPA repository interfaces.
Bean 'org.springframework.transaction.annotation.ProxyTransactionManagementConfiguration' of type [org.springframework.transaction.annotation.ProxyTransactionManagementConfiguration] is not eligible for getting processed by all BeanPostProcessors (for example: not eligible for auto-proxying)
HHH000204: Processing PersistenceUnitInfo [name: default]
HHH000412: Hibernate Core {5.4.9.Final}
HCANN000001: Hibernate Commons Annotations {5.1.0.Final}
HikariPool-1 - Starting...
HikariPool-1 - Start completed.
HHH000400: Using dialect: org.hibernate.dialect.MySQL8Dialect
HHH000490: Using JtaPlatform implementation: [org.hibernate.engine.transaction.jta.platform.internal.NoJtaPlatform]
Initialized JPA EntityManagerFactory for persistence unit 'default'
spring.jpa.open-in-view is enabled by default. Therefore, database queries may be performed during view rendering. Explicitly configure spring.jpa.open-in-view to disable this warning
Initializing ExecutorService 'applicationTaskExecutor'
Started ProductInfoServiceImplTest in 4.038 seconds (JVM running for 4.997)
Shutting down ExecutorService 'applicationTaskExecutor'
Closing JPA EntityManagerFactory for persistence unit 'default'
HikariPool-1 - Shutdown initiated...
HikariPool-1 - Shutdown completed.
Starting ProductInfoServiceImplTest on DESKTOP-HO9VSEG with PID 4432 (started by 13044 in D:\Java\IdeaProject\ordersystem)
No active profile set, falling back to default profiles: default
Bootstrapping Spring Data JPA repositories in DEFAULT mode.
Finished Spring Data repository scanning in 68ms. Found 2 JPA repository interfaces.
Bean 'org.springframework.transaction.annotation.ProxyTransactionManagementConfiguration' of type [org.springframework.transaction.annotation.ProxyTransactionManagementConfiguration] is not eligible for getting processed by all BeanPostProcessors (for example: not eligible for auto-proxying)
HHH000204: Processing PersistenceUnitInfo [name: default]
HHH000412: Hibernate Core {5.4.9.Final}
HCANN000001: Hibernate Commons Annotations {5.1.0.Final}
HikariPool-1 - Starting...
HikariPool-1 - Start completed.
HHH000400: Using dialect: org.hibernate.dialect.MySQL8Dialect
HHH000490: Using JtaPlatform implementation: [org.hibernate.engine.transaction.jta.platform.internal.NoJtaPlatform]
Initialized JPA EntityManagerFactory for persistence unit 'default'
spring.jpa.open-in-view is enabled by default. Therefore, database queries may be performed during view rendering. Explicitly configure spring.jpa.open-in-view to disable this warning
Initializing ExecutorService 'applicationTaskExecutor'
Started ProductInfoServiceImplTest in 4.068 seconds (JVM running for 5.043)
Shutting down ExecutorService 'applicationTaskExecutor'
Closing JPA EntityManagerFactory for persistence unit 'default'
HikariPool-1 - Shutdown initiated...
HikariPool-1 - Shutdown completed.
Starting ProductInfoServiceImplTest on DESKTOP-HO9VSEG with PID 18768 (started by 13044 in D:\Java\IdeaProject\ordersystem)
No active profile set, falling back to default profiles: default
Bootstrapping Spring Data JPA repositories in DEFAULT mode.
Finished Spring Data repository scanning in 71ms. Found 2 JPA repository interfaces.
Bean 'org.springframework.transaction.annotation.ProxyTransactionManagementConfiguration' of type [org.springframework.transaction.annotation.ProxyTransactionManagementConfiguration] is not eligible for getting processed by all BeanPostProcessors (for example: not eligible for auto-proxying)
HHH000204: Processing PersistenceUnitInfo [name: default]
HHH000412: Hibernate Core {5.4.9.Final}
HCANN000001: Hibernate Commons Annotations {5.1.0.Final}
HikariPool-1 - Starting...
HikariPool-1 - Start completed.
HHH000400: Using dialect: org.hibernate.dialect.MySQL8Dialect
HHH000490: Using JtaPlatform implementation: [org.hibernate.engine.transaction.jta.platform.internal.NoJtaPlatform]
Initialized JPA EntityManagerFactory for persistence unit 'default'
spring.jpa.open-in-view is enabled by default. Therefore, database queries may be performed during view rendering. Explicitly configure spring.jpa.open-in-view to disable this warning
Initializing ExecutorService 'applicationTaskExecutor'
Started ProductInfoServiceImplTest in 4.024 seconds (JVM running for 4.98)
Shutting down ExecutorService 'applicationTaskExecutor'
Closing JPA EntityManagerFactory for persistence unit 'default'
HikariPool-1 - Shutdown initiated...
HikariPool-1 - Shutdown completed.
Starting ProductInfoServiceImplTest on DESKTOP-HO9VSEG with PID 14168 (started by 13044 in D:\Java\IdeaProject\ordersystem)
No active profile set, falling back to default profiles: default
Bootstrapping Spring Data JPA repositories in DEFAULT mode.
Finished Spring Data repository scanning in 69ms. Found 2 JPA repository interfaces.
Bean 'org.springframework.transaction.annotation.ProxyTransactionManagementConfiguration' of type [org.springframework.transaction.annotation.ProxyTransactionManagementConfiguration] is not eligible for getting processed by all BeanPostProcessors (for example: not eligible for auto-proxying)
HHH000204: Processing PersistenceUnitInfo [name: default]
HHH000412: Hibernate Core {5.4.9.Final}
HCANN000001: Hibernate Commons Annotations {5.1.0.Final}
HikariPool-1 - Starting...
HikariPool-1 - Start completed.
HHH000400: Using dialect: org.hibernate.dialect.MySQL8Dialect
HHH000490: Using JtaPlatform implementation: [org.hibernate.engine.transaction.jta.platform.internal.NoJtaPlatform]
Initialized JPA EntityManagerFactory for persistence unit 'default'
spring.jpa.open-in-view is enabled by default. Therefore, database queries may be performed during view rendering. Explicitly configure spring.jpa.open-in-view to disable this warning
Initializing ExecutorService 'applicationTaskExecutor'
Started ProductInfoServiceImplTest in 4.316 seconds (JVM running for 5.37)
Shutting down ExecutorService 'applicationTaskExecutor'
Closing JPA EntityManagerFactory for persistence unit 'default'
HikariPool-1 - Shutdown initiated...
HikariPool-1 - Shutdown completed.
Starting ProductInfoServiceImplTest on DESKTOP-HO9VSEG with PID 12380 (started by 13044 in D:\Java\IdeaProject\ordersystem)
No active profile set, falling back to default profiles: default
Bootstrapping Spring Data JPA repositories in DEFAULT mode.
Finished Spring Data repository scanning in 76ms. Found 2 JPA repository interfaces.
Bean 'org.springframework.transaction.annotation.ProxyTransactionManagementConfiguration' of type [org.springframework.transaction.annotation.ProxyTransactionManagementConfiguration] is not eligible for getting processed by all BeanPostProcessors (for example: not eligible for auto-proxying)
HHH000204: Processing PersistenceUnitInfo [name: default]
HHH000412: Hibernate Core {5.4.9.Final}
HCANN000001: Hibernate Commons Annotations {5.1.0.Final}
HikariPool-1 - Starting...
HikariPool-1 - Start completed.
HHH000400: Using dialect: org.hibernate.dialect.MySQL8Dialect
HHH000490: Using JtaPlatform implementation: [org.hibernate.engine.transaction.jta.platform.internal.NoJtaPlatform]
Initialized JPA EntityManagerFactory for persistence unit 'default'
spring.jpa.open-in-view is enabled by default. Therefore, database queries may be performed during view rendering. Explicitly configure spring.jpa.open-in-view to disable this warning
Initializing ExecutorService 'applicationTaskExecutor'
Started ProductInfoServiceImplTest in 4.629 seconds (JVM running for 6.686)
HikariPool-1 - Thread starvation or clock leap detected (housekeeper delta=2m5s11ms871µs900ns).
Shutting down ExecutorService 'applicationTaskExecutor'
Closing JPA EntityManagerFactory for persistence unit 'default'
HikariPool-1 - Shutdown initiated...
HikariPool-1 - Shutdown completed.
Starting ProductInfoServiceImplTest on DESKTOP-HO9VSEG with PID 4276 (started by 13044 in D:\Java\IdeaProject\ordersystem)
No active profile set, falling back to default profiles: default
Bootstrapping Spring Data JPA repositories in DEFAULT mode.
Finished Spring Data repository scanning in 78ms. Found 2 JPA repository interfaces.
Bean 'org.springframework.transaction.annotation.ProxyTransactionManagementConfiguration' of type [org.springframework.transaction.annotation.ProxyTransactionManagementConfiguration] is not eligible for getting processed by all BeanPostProcessors (for example: not eligible for auto-proxying)
HHH000204: Processing PersistenceUnitInfo [name: default]
HHH000412: Hibernate Core {5.4.9.Final}
HCANN000001: Hibernate Commons Annotations {5.1.0.Final}
HikariPool-1 - Starting...
HikariPool-1 - Start completed.
HHH000400: Using dialect: org.hibernate.dialect.MySQL8Dialect
HHH000490: Using JtaPlatform implementation: [org.hibernate.engine.transaction.jta.platform.internal.NoJtaPlatform]
Initialized JPA EntityManagerFactory for persistence unit 'default'
spring.jpa.open-in-view is enabled by default. Therefore, database queries may be performed during view rendering. Explicitly configure spring.jpa.open-in-view to disable this warning
Initializing ExecutorService 'applicationTaskExecutor'
Started ProductInfoServiceImplTest in 4.562 seconds (JVM running for 5.828)
Starting OrdersystemApplication on DESKTOP-HO9VSEG with PID 11884 (D:\Java\IdeaProject\ordersystem\target\classes started by 13044 in D:\Java\IdeaProject\ordersystem)
No active profile set, falling back to default profiles: default
Bootstrapping Spring Data JPA repositories in DEFAULT mode.
Finished Spring Data repository scanning in 40ms. Found 2 JPA repository interfaces.
Bean 'org.springframework.transaction.annotation.ProxyTransactionManagementConfiguration' of type [org.springframework.transaction.annotation.ProxyTransactionManagementConfiguration] is not eligible for getting processed by all BeanPostProcessors (for example: not eligible for auto-proxying)
Tomcat initialized with port(s): 8080 (http)
Initializing ProtocolHandler ["http-nio-8080"]
Starting service [Tomcat]
Starting Servlet engine: [Apache Tomcat/9.0.29]
Loaded APR based Apache Tomcat Native library [1.2.23] using APR version [1.7.0].
APR capabilities: IPv6 [true], sendfile [true], accept filters [false], random [true].
APR/OpenSSL configuration: useAprConnector [false], useOpenSSL [true]
OpenSSL successfully initialized [OpenSSL 1.1.1c  28 May 2019]
Initializing Spring embedded WebApplicationContext
Root WebApplicationContext: initialization completed in 1300 ms
HHH000204: Processing PersistenceUnitInfo [name: default]
HHH000412: Hibernate Core {5.4.9.Final}
HCANN000001: Hibernate Commons Annotations {5.1.0.Final}
HikariPool-1 - Starting...
HikariPool-1 - Start completed.
HHH000400: Using dialect: org.hibernate.dialect.MySQL8Dialect
HHH000490: Using JtaPlatform implementation: [org.hibernate.engine.transaction.jta.platform.internal.NoJtaPlatform]
Initialized JPA EntityManagerFactory for persistence unit 'default'
spring.jpa.open-in-view is enabled by default. Therefore, database queries may be performed during view rendering. Explicitly configure spring.jpa.open-in-view to disable this warning
Initializing ExecutorService 'applicationTaskExecutor'
Starting ProtocolHandler ["http-nio-8080"]
Tomcat started on port(s): 8080 (http) with context path '/order'
Started OrdersystemApplication in 2.965 seconds (JVM running for 3.789)
HikariPool-1 - Thread starvation or clock leap detected (housekeeper delta=18m26s900ms396µs700ns).
Shutting down ExecutorService 'applicationTaskExecutor'
Closing JPA EntityManagerFactory for persistence unit 'default'
HikariPool-1 - Shutdown initiated...
HikariPool-1 - Shutdown completed.
Starting OrdersystemApplication on DESKTOP-HO9VSEG with PID 15264 (D:\Java\IdeaProject\ordersystem\target\classes started by 13044 in D:\Java\IdeaProject\ordersystem)
No active profile set, falling back to default profiles: default
Bootstrapping Spring Data JPA repositories in DEFAULT mode.
Finished Spring Data repository scanning in 44ms. Found 2 JPA repository interfaces.
Bean 'org.springframework.transaction.annotation.ProxyTransactionManagementConfiguration' of type [org.springframework.transaction.annotation.ProxyTransactionManagementConfiguration] is not eligible for getting processed by all BeanPostProcessors (for example: not eligible for auto-proxying)
Tomcat initialized with port(s): 8080 (http)
Initializing ProtocolHandler ["http-nio-8080"]
Starting service [Tomcat]
Starting Servlet engine: [Apache Tomcat/9.0.29]
Loaded APR based Apache Tomcat Native library [1.2.23] using APR version [1.7.0].
APR capabilities: IPv6 [true], sendfile [true], accept filters [false], random [true].
APR/OpenSSL configuration: useAprConnector [false], useOpenSSL [true]
OpenSSL successfully initialized [OpenSSL 1.1.1c  28 May 2019]
Initializing Spring embedded WebApplicationContext
Root WebApplicationContext: initialization completed in 932 ms
HHH000204: Processing PersistenceUnitInfo [name: default]
HHH000412: Hibernate Core {5.4.9.Final}
HCANN000001: Hibernate Commons Annotations {5.1.0.Final}
HikariPool-1 - Starting...
HikariPool-1 - Start completed.
HHH000400: Using dialect: org.hibernate.dialect.MySQL8Dialect
HHH000490: Using JtaPlatform implementation: [org.hibernate.engine.transaction.jta.platform.internal.NoJtaPlatform]
Initialized JPA EntityManagerFactory for persistence unit 'default'
spring.jpa.open-in-view is enabled by default. Therefore, database queries may be performed during view rendering. Explicitly configure spring.jpa.open-in-view to disable this warning
Initializing ExecutorService 'applicationTaskExecutor'
Starting ProtocolHandler ["http-nio-8080"]
Tomcat started on port(s): 8080 (http) with context path '/order'
Started OrdersystemApplication in 2.463 seconds (JVM running for 3.28)
Initializing Spring DispatcherServlet 'dispatcherServlet'
Initializing Servlet 'dispatcherServlet'
Completed initialization in 47 ms
